[   86.580780] Unable to handle kernel NULL pointer dereference at virtual address 00000054
[   86.580810] pgd = c0004000
[   86.580810] [00000054] *pgd=00000000
[   86.580841] Internal error: Oops: 17 [#1] PREEMPT
[   86.580841] last sysfs file: /sys/kernel/uevent_seqnum
[   86.580871] Modules linked in: ipv6 ks8851 mailbox_mach mailbox rtc_twl4030 rtc_ds1307 rtc_core
[   86.580902] CPU: 0    Not tainted  (2.6.32 #1)
[   86.580932] PC is at ks8851_tx_work+0xc4/0x198 [ks8851]
[   86.580963] LR is at wait_for_common+0x170/0x1a4
[   86.580993] pc : [<bf026880>]    lr : [<c055ed58>]    psr: 20000113
[   86.580993] sp : c782df58  ip : c782ded8  fp : 00000000
[   86.580993] r10: c7b54381  r9 : c7b54460  r8 : c7b54348
[   86.581024] r7 : c7b54428  r6 : 00000001  r5 : c7b54340  r4 : 00000000
[   86.581054] r3 : ffffffc0  r2 : 0000801b  r1 : 00000000  r0 : 00000000
[   86.581054] Flags: nzCv  IRQs on  FIQs on  Mode SVC_32  ISA ARM  Segment kernel
[   86.581085] Control: 10c5387d  Table: 86f90019  DAC: 00000017
[   86.581085] Process events/0 (pid: 5, stack limit = 0xc782c2f0)
[   86.581115] Stack: (0xc782df58 to 0xc782e000)
[   86.581115] df40:                                                       00000000 c7b54460
[   86.581146] df60: 059e8128 8082dfa0 c782c000 c782dfa0 c782c000 c7b543fc c781dec0 c7b543f8
[   86.581176] df80: bf0267bc c781c540 c781dec8 c007b864 c781ff44 00000000 c781c540 c007f5a0
[   86.581207] dfa0: c782dfa0 c782dfa0 c781ff44 c782dfd4 c781ff44 c781dec0 c007b68c 00000000
[   86.581237] dfc0: 00000000 00000000 00000000 c007f290 00000000 00000000 c782dfd8 c782dfd8
[   86.581268] dfe0: 00000000 00000000 00000000 00000000 00000000 c00399fc 0977ef48 007fde12
[   86.581329] [<bf026880>] (ks8851_tx_work+0xc4/0x198 [ks8851]) from [<c007b864>] (worker_thread+0x1d8/0x288)
[   86.581390] [<c007b864>] (worker_thread+0x1d8/0x288) from [<c007f290>] (kthread+0x78/0x80)
[   86.581420] [<c007f290>] (kthread+0x78/0x80) from [<c00399fc>] (kernel_thread_exit+0x0/0x8)
[   86.581451] Code: e1c524b2 e5c53086 e3e0303f e5c53041 (e1d435b4) 
[   86.581451] ---[ end trace dca0aa45936bed66 ]---
[   95.911590] eth1: no IPv6 routers present


